<?xml version="1.0" encoding="UTF-8"?>
<!-- Generated by org.testng.reporters.JUnitReportReporter -->
<testsuite hostname="UserPC" name="by.htp.tutbylettercounter.test" tests="1" failures="0" timestamp="4 Nov 2017 13:48:30 GMT" time="19.118" errors="0">
  <testcase name="incomeLetterCounter" time="19.118" classname="by.htp.tutbylettercounter.test"/>
</testsuite> <!-- by.htp.tutbylettercounter.test -->
